<?xml version="1.0" encoding="UTF-8"?>
<testng-results ignored="0" total="1" passed="1" failed="0" skipped="0">
  <reporter-output>
    <line>
      <![CDATA[Execution in local system]]>
    </line>
    <line>
      <![CDATA[Browser is: Firefox]]>
    </line>
    <line>
      <![CDATA[HomePage is Displayed]]>
    </line>
  </reporter-output>
  <suite started-at="2023-05-04T12:55:03 IST" name="Suite" finished-at="2023-05-04T12:55:39 IST" duration-ms="35487">
    <groups>
    </groups>
    <test started-at="2023-05-04T12:55:03 IST" name="Test" finished-at="2023-05-04T12:55:39 IST" duration-ms="35487">
      <class name="script.ValidLogin">
        <test-method is-config="true" signature="preCondition(java.lang.String,java.lang.String,java.lang.String)[pri:0, instance:script.ValidLogin@4550bb58]" started-at="2023-05-04T12:55:03 IST" name="preCondition" finished-at="2023-05-04T12:55:26 IST" duration-ms="22934" status="PASS">
          <params>
            <param index="0">
              <value>
                <![CDATA[https://demo.actitime.com/]]>
              </value>
            </param>
            <param index="1">
              <value>
                <![CDATA[no]]>
              </value>
            </param>
            <param index="2">
              <value>
                <![CDATA[firefox]]>
              </value>
            </param>
          </params>
          <reporter-output>
            <line>
              <![CDATA[Execution in local system]]>
            </line>
            <line>
              <![CDATA[Browser is: Firefox]]>
            </line>
          </reporter-output>
        </test-method> <!-- preCondition -->
        <test-method signature="testValidLogin()[pri:1, instance:script.ValidLogin@4550bb58]" started-at="2023-05-04T12:55:26 IST" name="testValidLogin" finished-at="2023-05-04T12:55:35 IST" duration-ms="8476" status="PASS">
          <reporter-output>
            <line>
              <![CDATA[HomePage is Displayed]]>
            </line>
          </reporter-output>
        </test-method> <!-- testValidLogin -->
        <test-method is-config="true" signature="postCondition()[pri:0, instance:script.ValidLogin@4550bb58]" started-at="2023-05-04T12:55:35 IST" name="postCondition" finished-at="2023-05-04T12:55:39 IST" duration-ms="3996" status="PASS">
          <reporter-output>
          </reporter-output>
        </test-method> <!-- postCondition -->
      </class> <!-- script.ValidLogin -->
    </test> <!-- Test -->
  </suite> <!-- Suite -->
</testng-results>
